#
# A fatal error has been detected by the Java Runtime Environment:
#
#  Internal Error (classFileParser.cpp:3494), pid=7029, tid=3063741296
#  Error: ShouldNotReachHere()
#
# JRE version: 6.0_26-b03
# Java VM: Java HotSpot(TM) Server VM (20.1-b02 mixed mode linux-x86 )
# If you would like to submit a bug report, please visit:
#   http://java.sun.com/webapps/bugreport/crash.jsp
#

---------------  T H R E A D  ---------------

Current thread (0x08c97400):  JavaThread "Unknown thread" [_thread_in_vm, id=7033, stack(0xb697f000,0xb69d0000)]

Stack: [0xb697f000,0xb69d0000],  sp=0xb69ce7d0,  free space=317k
Native frames: (J=compiled Java code, j=interpreted, Vv=VM code, C=native code)
V  [libjvm.so+0x7248b0]  VMError::report_and_die()+0x2b0
V  [libjvm.so+0x2f69af]  report_should_not_reach_here(char const*, int)+0x3f
V  [libjvm.so+0x28cf2a]  ClassFileParser::parseClassFile(symbolHandle, Handle, Handle, KlassHandle, GrowableArray<Handle>*, symbolHandle&, bool, Thread*)+0x2d9a
V  [libjvm.so+0x292f71]  ClassLoader::load_classfile(symbolHandle, Thread*)+0x221
V  [libjvm.so+0x6b3d62]  SystemDictionary::load_instance_class(symbolHandle, Handle, Thread*)+0xf2
V  [libjvm.so+0x6b1dfe]  SystemDictionary::resolve_instance_class_or_null(symbolHandle, Handle, Handle, Thread*)+0x55e
V  [libjvm.so+0x6b0bc6]  SystemDictionary::resolve_or_null(symbolHandle, Handle, Handle, Thread*)+0x66
V  [libjvm.so+0x6b0830]  SystemDictionary::resolve_or_fail(symbolHandle, Handle, Handle, bool, Thread*)+0x30
V  [libjvm.so+0x6b564a]  SystemDictionary::initialize_wk_klass(SystemDictionary::WKID, int, Thread*)+0x6a
V  [libjvm.so+0x6b56dc]  SystemDictionary::initialize_wk_klasses_until(SystemDictionary::WKID, SystemDictionary::WKID&, Thread*)+0x4c
V  [libjvm.so+0x6b57a0]  SystemDictionary::initialize_preloaded_classes(Thread*)+0x70
V  [libjvm.so+0x6b5571]  SystemDictionary::initialize(Thread*)+0xe1
V  [libjvm.so+0x6fc35a]  Universe::genesis(Thread*)+0x4da
V  [libjvm.so+0x6fda1f]  universe2_init()+0x1f
V  [libjvm.so+0x3b8fb8]  init_globals()+0x98
V  [libjvm.so+0x6e53b2]  Threads::create_vm(JavaVMInitArgs*, bool*)+0x242
V  [libjvm.so+0x413bc6]  JNI_CreateJavaVM+0x56
C  [java+0x305c]
C  [java+0x1942]  JavaMain+0x72
C  [libpthread.so.0+0x6d31]  short+0xd1


---------------  P R O C E S S  ---------------

Java Threads: ( => current thread )

Other Threads:

=>0x08c97400 (exited) JavaThread "Unknown thread" [_thread_in_vm, id=7033, stack(0xb697f000,0xb69d0000)]

VM state:not at safepoint (not fully initialized)

VM Mutex/Monitor currently owned by a thread: None

Dynamic libraries:
08048000-08052000 r-xp 00000000 09:00 289471     /usr/lib/jvm/java-6-sun-1.6.0.26/jre/bin/java
08052000-08053000 rwxp 00009000 09:00 289471     /usr/lib/jvm/java-6-sun-1.6.0.26/jre/bin/java
08c91000-08d0d000 rwxp 00000000 00:00 0          [heap]
904fa000-9055f000 r-xs 004cb000 09:02 7880712    /home/jack/android-sdks/platforms/android-8/android.jar
9055f000-90560000 ---p 00000000 00:00 0 
90560000-905e0000 rwxp 00000000 00:00 0 
905e0000-905e1000 ---p 00000000 00:00 0 
905e1000-90669000 rwxp 00000000 00:00 0 
90669000-90681000 rwxp 00000000 00:00 0 
90681000-9068c000 rwxp 00000000 00:00 0 
9068c000-90727000 rwxp 00000000 00:00 0 
90727000-9072f000 rwxp 00000000 00:00 0 
9072f000-90747000 rwxp 00000000 00:00 0 
90747000-90752000 rwxp 00000000 00:00 0 
90752000-907ec000 rwxp 00000000 00:00 0 
907ec000-907f2000 rwxp 00000000 00:00 0 
907f2000-9083f000 rwxp 00000000 00:00 0 
9083f000-91840000 rwxp 00000000 00:00 0 
91840000-94840000 rwxp 00000000 00:00 0 
94840000-95ce0000 rwxp 00000000 00:00 0 
95ce0000-a92f0000 rwxp 00000000 00:00 0 
a92f0000-a9d40000 rwxp 00000000 00:00 0 
a9d40000-b3840000 rwxp 00000000 00:00 0 
b3846000-b384f000 rwxp 00000000 00:00 0 
b384f000-b3906000 rwxp 00000000 00:00 0 
b3906000-b3b46000 rwxp 00000000 00:00 0 
b3b46000-b6906000 rwxp 00000000 00:00 0 
b6906000-b6911000 r-xp 00000000 09:00 21625      /lib/i386-linux-gnu/libnss_files-2.13.so
b6911000-b6912000 r-xp 0000a000 09:00 21625      /lib/i386-linux-gnu/libnss_files-2.13.so
b6912000-b6913000 rwxp 0000b000 09:00 21625      /lib/i386-linux-gnu/libnss_files-2.13.so
b6913000-b691d000 r-xp 00000000 09:00 21627      /lib/i386-linux-gnu/libnss_nis-2.13.so
b691d000-b691e000 r-xp 00009000 09:00 21627      /lib/i386-linux-gnu/libnss_nis-2.13.so
b691e000-b691f000 rwxp 0000a000 09:00 21627      /lib/i386-linux-gnu/libnss_nis-2.13.so
b691f000-b6934000 r-xp 00000000 09:00 21621      /lib/i386-linux-gnu/libnsl-2.13.so
b6934000-b6935000 r-xp 00015000 09:00 21621      /lib/i386-linux-gnu/libnsl-2.13.so
b6935000-b6936000 rwxp 00016000 09:00 21621      /lib/i386-linux-gnu/libnsl-2.13.so
b6936000-b6938000 rwxp 00000000 00:00 0 
b6938000-b6947000 r-xp 00000000 09:00 289503     /usr/lib/jvm/java-6-sun-1.6.0.26/jre/lib/i386/libzip.so
b6947000-b6949000 rwxp 0000e000 09:00 289503     /usr/lib/jvm/java-6-sun-1.6.0.26/jre/lib/i386/libzip.so
b6949000-b6951000 rwxs 00000000 09:00 735995     /tmp/hsperfdata_jack/7029
b6951000-b6974000 r-xp 00000000 09:00 289500     /usr/lib/jvm/java-6-sun-1.6.0.26/jre/lib/i386/libjava.so
b6974000-b6976000 rwxp 00023000 09:00 289500     /usr/lib/jvm/java-6-sun-1.6.0.26/jre/lib/i386/libjava.so
b6976000-b697d000 r-xp 00000000 09:00 21632      /lib/i386-linux-gnu/librt-2.13.so
b697d000-b697e000 r-xp 00006000 09:00 21632      /lib/i386-linux-gnu/librt-2.13.so
b697e000-b697f000 rwxp 00007000 09:00 21632      /lib/i386-linux-gnu/librt-2.13.so
b697f000-b6982000 ---p 00000000 00:00 0 
b6982000-b69d0000 rwxp 00000000 00:00 0 
b69d0000-b69f8000 r-xp 00000000 09:00 21617      /lib/i386-linux-gnu/libm-2.13.so
b69f8000-b69f9000 r-xp 00028000 09:00 21617      /lib/i386-linux-gnu/libm-2.13.so
b69f9000-b69fa000 rwxp 00029000 09:00 21617      /lib/i386-linux-gnu/libm-2.13.so
b69fa000-b71ac000 r-xp 00000000 09:00 289488     /usr/lib/jvm/java-6-sun-1.6.0.26/jre/lib/i386/server/libjvm.so
b71ac000-b7200000 rwxp 007b1000 09:00 289488     /usr/lib/jvm/java-6-sun-1.6.0.26/jre/lib/i386/server/libjvm.so
b7200000-b761f000 rwxp 00000000 00:00 0 
b761f000-b7795000 r-xp 00000000 09:00 19452      /lib/i386-linux-gnu/libc-2.13.so
b7795000-b7797000 r-xp 00176000 09:00 19452      /lib/i386-linux-gnu/libc-2.13.so
b7797000-b7798000 rwxp 00178000 09:00 19452      /lib/i386-linux-gnu/libc-2.13.so
b7798000-b779b000 rwxp 00000000 00:00 0 
b779b000-b779e000 r-xp 00000000 09:00 21419      /lib/i386-linux-gnu/libdl-2.13.so
b779e000-b779f000 r-xp 00002000 09:00 21419      /lib/i386-linux-gnu/libdl-2.13.so
b779f000-b77a0000 rwxp 00003000 09:00 21419      /lib/i386-linux-gnu/libdl-2.13.so
b77a0000-b77a7000 r-xp 00000000 09:00 289502     /usr/lib/jvm/java-6-sun-1.6.0.26/jre/lib/i386/jli/libjli.so
b77a7000-b77a9000 rwxp 00006000 09:00 289502     /usr/lib/jvm/java-6-sun-1.6.0.26/jre/lib/i386/jli/libjli.so
b77a9000-b77aa000 rwxp 00000000 00:00 0 
b77aa000-b77c1000 r-xp 00000000 09:00 21630      /lib/i386-linux-gnu/libpthread-2.13.so
b77c1000-b77c2000 r-xp 00016000 09:00 21630      /lib/i386-linux-gnu/libpthread-2.13.so
b77c2000-b77c3000 rwxp 00017000 09:00 21630      /lib/i386-linux-gnu/libpthread-2.13.so
b77c3000-b77c5000 rwxp 00000000 00:00 0 
b77c6000-b77ce000 r-xp 00000000 09:00 21623      /lib/i386-linux-gnu/libnss_compat-2.13.so
b77ce000-b77cf000 r-xp 00007000 09:00 21623      /lib/i386-linux-gnu/libnss_compat-2.13.so
b77cf000-b77d0000 rwxp 00008000 09:00 21623      /lib/i386-linux-gnu/libnss_compat-2.13.so
b77d0000-b77d1000 rwxp 00000000 00:00 0 
b77d1000-b77d2000 r-xp 00000000 00:00 0 
b77d2000-b77dd000 r-xp 00000000 09:00 289499     /usr/lib/jvm/java-6-sun-1.6.0.26/jre/lib/i386/libverify.so
b77dd000-b77de000 rwxp 0000b000 09:00 289499     /usr/lib/jvm/java-6-sun-1.6.0.26/jre/lib/i386/libverify.so
b77de000-b77e0000 rwxp 00000000 00:00 0 
b77e0000-b77e1000 r-xp 00000000 00:00 0          [vdso]
b77e1000-b77ff000 r-xp 00000000 09:00 16393      /lib/i386-linux-gnu/ld-2.13.so
b77ff000-b7800000 r-xp 0001d000 09:00 16393      /lib/i386-linux-gnu/ld-2.13.so
b7800000-b7801000 rwxp 0001e000 09:00 16393      /lib/i386-linux-gnu/ld-2.13.so
bfddf000-bfe00000 rwxp 00000000 00:00 0          [stack]

VM Arguments:
jvm_args: -Dfile.encoding=UTF-8 -Xbootclasspath:/home/jack/android-sdks/platforms/android-8/android.jar 
java_command: org.eclipse.jdt.internal.junit.runner.RemoteTestRunner -version 3 -port 51949 -testLoaderClass org.eclipse.jdt.internal.junit.runner.junit3.JUnit3TestLoader -loaderpluginname org.eclipse.jdt.junit.runtime -classNames com.example.android.lasergame.tests.LaserCalculatorTriangleTests
Launcher Type: SUN_STANDARD

Environment Variables:
PATH=/home/jack/bin:/usr/lib/lightdm/lightdm:/usr/local/sbin:/usr/local/bin:/usr/sbin:/usr/bin:/sbin:/bin:/usr/games
USERNAME=jack
LD_LIBRARY_PATH=/usr/lib/jvm/java-6-sun-1.6.0.26/jre/lib/i386/server:/usr/lib/jvm/java-6-sun-1.6.0.26/jre/lib/i386:/usr/lib/jvm/java-6-sun-1.6.0.26/jre/../lib/i386:/usr/lib/jvm/java-6-sun-1.6.0.26/jre/lib/i386/client:/usr/lib/jvm/java-6-sun-1.6.0.26/jre/lib/i386:
SHELL=/usr/bin/fish
DISPLAY=:0

Signal Handlers:
SIGSEGV: [libjvm.so+0x725510], sa_mask[0]=0x7ffbfeff, sa_flags=0x10000004
SIGBUS: [libjvm.so+0x725510], sa_mask[0]=0x7ffbfeff, sa_flags=0x10000004
SIGFPE: [libjvm.so+0x5dff20], sa_mask[0]=0x7ffbfeff, sa_flags=0x10000004
SIGPIPE: [libjvm.so+0x5dff20], sa_mask[0]=0x7ffbfeff, sa_flags=0x10000004
SIGXFSZ: [libjvm.so+0x5dff20], sa_mask[0]=0x7ffbfeff, sa_flags=0x10000004
SIGILL: [libjvm.so+0x5dff20], sa_mask[0]=0x7ffbfeff, sa_flags=0x10000004
SIGUSR1: SIG_DFL, sa_mask[0]=0x00000000, sa_flags=0x00000000
SIGUSR2: [libjvm.so+0x5e3160], sa_mask[0]=0x00000004, sa_flags=0x10000004
SIGHUP: SIG_DFL, sa_mask[0]=0x00000000, sa_flags=0x00000000
SIGINT: SIG_DFL, sa_mask[0]=0x00000000, sa_flags=0x00000000
SIGTERM: SIG_DFL, sa_mask[0]=0x00000000, sa_flags=0x00000000
SIGQUIT: SIG_DFL, sa_mask[0]=0x00000000, sa_flags=0x00000000


---------------  S Y S T E M  ---------------

OS:wheezy/sid

uname:Linux 3.0.0-12-generic #20-Ubuntu SMP Fri Oct 7 14:50:42 UTC 2011 i686
libc:glibc 2.13 NPTL 2.13 
rlimit: STACK 8192k, CORE 0k, NPROC 15718, NOFILE 4096, AS infinity
load average:1.09 0.92 0.99

/proc/meminfo:
MemTotal:        2026364 kB
MemFree:          181104 kB
Buffers:           15248 kB
Cached:           259156 kB
SwapCached:        26684 kB
Active:          1007692 kB
Inactive:         749868 kB
Active(anon):     916164 kB
Inactive(anon):   574432 kB
Active(file):      91528 kB
Inactive(file):   175436 kB
Unevictable:          32 kB
Mlocked:              32 kB
HighTotal:       1151580 kB
HighFree:          14592 kB
LowTotal:         874784 kB
LowFree:          166512 kB
SwapTotal:       4883644 kB
SwapFree:        3937940 kB
Dirty:               308 kB
Writeback:             0 kB
AnonPages:       1468004 kB
Mapped:            91308 kB
Shmem:              7368 kB
Slab:              27808 kB
SReclaimable:      13724 kB
SUnreclaim:        14084 kB
KernelStack:        3160 kB
PageTables:         9012 kB
NFS_Unstable:          0 kB
Bounce:                0 kB
WritebackTmp:          0 kB
CommitLimit:     5896824 kB
Committed_AS:    4707360 kB
VmallocTotal:     122880 kB
VmallocUsed:       68484 kB
VmallocChunk:      46076 kB
HardwareCorrupted:     0 kB
AnonHugePages:         0 kB
HugePages_Total:       0
HugePages_Free:        0
HugePages_Rsvd:        0
HugePages_Surp:        0
Hugepagesize:       4096 kB
DirectMap4k:       73720 kB
DirectMap4M:      835584 kB


CPU:total 2 (2 cores per cpu, 1 threads per core) family 6 model 23 stepping 10, cmov, cx8, fxsr, mmx, sse, sse2, sse3, ssse3

/proc/cpuinfo:
processor	: 0
vendor_id	: GenuineIntel
cpu family	: 6
model		: 23
model name	: Pentium(R) Dual-Core  CPU      E5200  @ 2.50GHz
stepping	: 10
cpu MHz		: 2500.000
cache size	: 2048 KB
physical id	: 0
siblings	: 2
core id		: 0
cpu cores	: 2
apicid		: 0
initial apicid	: 0
fdiv_bug	: no
hlt_bug		: no
f00f_bug	: no
coma_bug	: no
fpu		: yes
fpu_exception	: yes
cpuid level	: 13
wp		: yes
flags		: fpu vme de pse tsc msr pae mce cx8 apic mtrr pge mca cmov pat pse36 clflush dts acpi mmx fxsr sse sse2 ss ht tm pbe nx lm constant_tsc arch_perfmon pebs bts aperfmperf pni dtes64 monitor ds_cpl est tm2 ssse3 cx16 xtpr pdcm xsave lahf_lm dts
bogomips	: 4999.25
clflush size	: 64
cache_alignment	: 64
address sizes	: 36 bits physical, 48 bits virtual
power management:

processor	: 1
vendor_id	: GenuineIntel
cpu family	: 6
model		: 23
model name	: Pentium(R) Dual-Core  CPU      E5200  @ 2.50GHz
stepping	: 10
cpu MHz		: 2500.000
cache size	: 2048 KB
physical id	: 0
siblings	: 2
core id		: 1
cpu cores	: 2
apicid		: 1
initial apicid	: 1
fdiv_bug	: no
hlt_bug		: no
f00f_bug	: no
coma_bug	: no
fpu		: yes
fpu_exception	: yes
cpuid level	: 13
wp		: yes
flags		: fpu vme de pse tsc msr pae mce cx8 apic mtrr pge mca cmov pat pse36 clflush dts acpi mmx fxsr sse sse2 ss ht tm pbe nx lm constant_tsc arch_perfmon pebs bts aperfmperf pni dtes64 monitor ds_cpl est tm2 ssse3 cx16 xtpr pdcm xsave lahf_lm dts
bogomips	: 5000.43
clflush size	: 64
cache_alignment	: 64
address sizes	: 36 bits physical, 48 bits virtual
power management:



Memory: 4k page, physical 2026364k(181104k free), swap 4883644k(3937940k free)

vm_info: Java HotSpot(TM) Server VM (20.1-b02) for linux-x86 JRE (1.6.0_26-b03), built on May  4 2011 01:04:10 by "java_re" with gcc 3.2.1-7a (J2SE release)

time: Fri Dec  9 17:53:22 2011
elapsed time: 0 seconds

